2019-08-28T12:17:48.512Z|17|null|sys_login|login|["jmguillen","thelord","en"]|7|::1|Mozilla/5.0 (Windows NT 10.0; Win64; x64) AppleWebKit/537.36 (KHTML, like Gecko) Chrome/76.0.3809.100 Safari/537.36
2019-08-28T12:17:53.890Z|138|null|sys_login|login|["system","pelotas","en"]|14|::1|Mozilla/5.0 (Windows NT 10.0; Win64; x64) AppleWebKit/537.36 (KHTML, like Gecko) Chrome/76.0.3809.100 Safari/537.36
2019-08-28T12:17:55.761Z|115|null|sys_login|login|["system","pelotas","en"]|21|::1|Mozilla/5.0 (Windows NT 10.0; Win64; x64) AppleWebKit/537.36 (KHTML, like Gecko) Chrome/76.0.3809.100 Safari/537.36
2019-08-28T12:17:59.461Z|124|null|sys_login|login|["system","manager","en"]|28|::1|Mozilla/5.0 (Windows NT 10.0; Win64; x64) AppleWebKit/537.36 (KHTML, like Gecko) Chrome/76.0.3809.100 Safari/537.36
2019-08-28T12:18:16.613Z|112|null|sys_login|login|["system","SIBSadmin01","en"]|35|::1|Mozilla/5.0 (Windows NT 10.0; Win64; x64) AppleWebKit/537.36 (KHTML, like Gecko) Chrome/76.0.3809.100 Safari/537.36
2019-08-28T12:18:18.450Z|115|null|sys_login|login|["system","SIBSadmin01","en"]|42|::1|Mozilla/5.0 (Windows NT 10.0; Win64; x64) AppleWebKit/537.36 (KHTML, like Gecko) Chrome/76.0.3809.100 Safari/537.36
2019-08-28T12:18:25.343Z|114|null|sys_login|login|["system","thelord","en"]|49|::1|Mozilla/5.0 (Windows NT 10.0; Win64; x64) AppleWebKit/537.36 (KHTML, like Gecko) Chrome/76.0.3809.100 Safari/537.36
2019-08-28T12:18:25.623Z|163|D6568BF1A55640C6DD74A319FCFEF9798515D16A890126D27AC0330E21386AC0A599552CF9DAA936E7C5167407A6D3CA0A551AC8A94CCB1536BB0CBA2F056BFD|sys_login|login|["inewton","pelotas"]|64|::1|Mozilla/5.0 (Windows NT 10.0; Win64; x64) AppleWebKit/537.36 (KHTML, like Gecko) Chrome/76.0.3809.100 Safari/537.36
2019-08-28T13:23:23.315Z|120|null|sys_login|login|["system","thelord","en"]|205|::1|Mozilla/5.0 (Windows NT 10.0; Win64; x64) AppleWebKit/537.36 (KHTML, like Gecko) Chrome/76.0.3809.100 Safari/537.36
2019-08-28T13:23:23.572Z|137|F678612EBDBCEC21048807146231B68F6C30070DC21ED94C02908A86586364E85667B87E5EFE96F7920B41217253D4CD65450BF7C4A7017A338EDB3E7392C883|sys_login|login|["inewton","pelotas"]|218|::1|Mozilla/5.0 (Windows NT 10.0; Win64; x64) AppleWebKit/537.36 (KHTML, like Gecko) Chrome/76.0.3809.100 Safari/537.36
2019-08-28T15:22:43.278Z|121|null|sys_login|login|["system","thelord","en"]|709|::1|Mozilla/5.0 (Windows NT 10.0; Win64; x64) AppleWebKit/537.36 (KHTML, like Gecko) Chrome/76.0.3809.100 Safari/537.36
2019-08-28T15:22:43.498Z|130|37E1A838A4C79DAA7C04028453AB40CC2B7638DC34B4C91B67934A8BDE767DA204FF63C48E81CDA47CFB3977E3D0B29B328C0313EF0880CE469FB0005BA51CAA|sys_login|login|["inewton","pelotas"]|722|::1|Mozilla/5.0 (Windows NT 10.0; Win64; x64) AppleWebKit/537.36 (KHTML, like Gecko) Chrome/76.0.3809.100 Safari/537.36
2019-08-28T17:07:47.012Z|121|null|sys_login|login|["system","thelord","en"]|1363|::1|Mozilla/5.0 (Windows NT 10.0; Win64; x64) AppleWebKit/537.36 (KHTML, like Gecko) Chrome/76.0.3809.100 Safari/537.36
2019-08-28T17:07:47.258Z|164|7957DABE3493A27E24CD1037CC07FEAA0D66F0CAC1B764460CAFF31C98A700550B8A5C10F2CFA1DD28C9882EBB5320C6DA52A2185D72FCA1ADC18763EE222259|sys_login|login|["inewton","pelotas"]|1376|::1|Mozilla/5.0 (Windows NT 10.0; Win64; x64) AppleWebKit/537.36 (KHTML, like Gecko) Chrome/76.0.3809.100 Safari/537.36
2019-08-28T18:32:51.664Z|128|null|sys_login|login|["system","thelord","en"]|2067|::1|Mozilla/5.0 (Windows NT 10.0; Win64; x64) AppleWebKit/537.36 (KHTML, like Gecko) Chrome/76.0.3809.100 Safari/537.36
2019-08-28T18:32:51.929Z|160|10CD776089A65921085EE0384E1B614F08247A57FC5BC4F44915CB68100C5B217C926FC81FE82B2F320795CFF8B17CAA60A79683E52BBA8E12BC7CA6B0630FEA|sys_login|login|["inewton","pelotas"]|2080|::1|Mozilla/5.0 (Windows NT 10.0; Win64; x64) AppleWebKit/537.36 (KHTML, like Gecko) Chrome/76.0.3809.100 Safari/537.36
2019-08-28T20:08:27.324Z|111|null|sys_login|login|["System","thelord","en"]|7|::ffff:192.168.30.7|Mozilla/5.0 (iPhone; CPU iPhone OS 11_4 like Mac OS X) AppleWebKit/604.1.34 (KHTML, like Gecko) CriOS/76.0.3809.123 Mobile/15E148 Safari/604.1
2019-08-28T20:08:28.025Z|112|5392A457F3A292C9C935DEB2839B8ED0E354B9F5DA2859FBC00DD1B4FD63A5A02B67383DD6F8316BD28681BA3FE646A30B39DE600EBC3445A74767AD5C280CCB|sys_login|login|["inewton","pelotas"]|22|::ffff:192.168.30.7|Mozilla/5.0 (iPhone; CPU iPhone OS 11_4 like Mac OS X) AppleWebKit/604.1.34 (KHTML, like Gecko) CriOS/76.0.3809.123 Mobile/15E148 Safari/604.1
2019-08-28T20:45:39.063Z|121|null|sys_login|login|["System","thelord","en"]|61|::ffff:192.168.0.166|Mozilla/5.0 (iPhone; CPU iPhone OS 11_4 like Mac OS X) AppleWebKit/604.1.34 (KHTML, like Gecko) CriOS/76.0.3809.123 Mobile/15E148 Safari/604.1
2019-08-28T20:45:39.329Z|18|21EDB8DE3C6F0B35E6B3DE9CF0CA20E1BAD398871786191775E13A2981B27271991AB2412838E357BB2BC8EF2E76F0EB08ED2F1430CA4A49964C3C40F94D9E65|sys_code|modules_list|{}|73|::ffff:192.168.0.166|Mozilla/5.0 (iPhone; CPU iPhone OS 11_4 like Mac OS X) AppleWebKit/604.1.34 (KHTML, like Gecko) CriOS/76.0.3809.123 Mobile/15E148 Safari/604.1
2019-08-28T20:45:48.606Z|1|21EDB8DE3C6F0B35E6B3DE9CF0CA20E1BAD398871786191775E13A2981B27271991AB2412838E357BB2BC8EF2E76F0EB08ED2F1430CA4A49964C3C40F94D9E65|sys_code|modules_list|{}|81|::ffff:192.168.0.166|Mozilla/5.0 (iPhone; CPU iPhone OS 11_4 like Mac OS X) AppleWebKit/604.1.34 (KHTML, like Gecko) CriOS/76.0.3809.123 Mobile/15E148 Safari/604.1
2019-08-28T20:45:49.778Z|11|21EDB8DE3C6F0B35E6B3DE9CF0CA20E1BAD398871786191775E13A2981B27271991AB2412838E357BB2BC8EF2E76F0EB08ED2F1430CA4A49964C3C40F94D9E65|sys_code|module_code|"mimodulo"|88|::ffff:192.168.0.166|Mozilla/5.0 (iPhone; CPU iPhone OS 11_4 like Mac OS X) AppleWebKit/604.1.34 (KHTML, like Gecko) CriOS/76.0.3809.123 Mobile/15E148 Safari/604.1
2019-08-28T20:46:15.423Z|2|21EDB8DE3C6F0B35E6B3DE9CF0CA20E1BAD398871786191775E13A2981B27271991AB2412838E357BB2BC8EF2E76F0EB08ED2F1430CA4A49964C3C40F94D9E65|sys_code|modules_list|{}|95|::ffff:192.168.0.166|Mozilla/5.0 (iPhone; CPU iPhone OS 11_4 like Mac OS X) AppleWebKit/604.1.34 (KHTML, like Gecko) CriOS/76.0.3809.123 Mobile/15E148 Safari/604.1
2019-08-30T11:46:47.850Z|157|null|sys_login|login|["system","thelord","en"]|17015|::1|Mozilla/5.0 (Windows NT 10.0; Win64; x64) AppleWebKit/537.36 (KHTML, like Gecko) Chrome/76.0.3809.100 Safari/537.36
2019-08-30T11:46:48.124Z|172|49D73DA895A3B992B0581122950BB27C0743B2EDBF8CB5B29B6319A33B4979D3E8BCF634FE9594ACBFF5F9ECCB3CC19D0D41B37DF95B2E5857571D3E8EDA6FCA|sys_login|login|["inewton","pelotas"]|17033|::1|Mozilla/5.0 (Windows NT 10.0; Win64; x64) AppleWebKit/537.36 (KHTML, like Gecko) Chrome/76.0.3809.100 Safari/537.36
2019-09-24T19:32:37.787Z|29|null|sys_login|login|["jmguillen","thelord","en"]|7|::1|Mozilla/5.0 (Windows NT 10.0; Win64; x64) AppleWebKit/537.36 (KHTML, like Gecko) Chrome/77.0.3865.90 Safari/537.36
2019-09-24T19:32:46.226Z|8|null|sys_login|login|["system","manager","en"]|14|::1|Mozilla/5.0 (Windows NT 10.0; Win64; x64) AppleWebKit/537.36 (KHTML, like Gecko) Chrome/77.0.3865.90 Safari/537.36
2019-09-24T19:32:52.765Z|12|null|sys_login|login|["system","thelord","en"]|21|::1|Mozilla/5.0 (Windows NT 10.0; Win64; x64) AppleWebKit/537.36 (KHTML, like Gecko) Chrome/77.0.3865.90 Safari/537.36
2019-09-24T19:32:56.628Z|6|null|sys_login|login|["system","thelord","en"]|28|::1|Mozilla/5.0 (Windows NT 10.0; Win64; x64) AppleWebKit/537.36 (KHTML, like Gecko) Chrome/77.0.3865.90 Safari/537.36
2019-09-24T19:33:00.378Z|9|null|sys_login|login|["system","SIBSadmin01","en"]|35|::1|Mozilla/5.0 (Windows NT 10.0; Win64; x64) AppleWebKit/537.36 (KHTML, like Gecko) Chrome/77.0.3865.90 Safari/537.36
2019-09-24T19:33:05.288Z|10|null|sys_login|login|["system","manager","en"]|42|::1|Mozilla/5.0 (Windows NT 10.0; Win64; x64) AppleWebKit/537.36 (KHTML, like Gecko) Chrome/77.0.3865.90 Safari/537.36
2019-09-24T19:33:14.261Z|14|null|sys_login|login|["system","manager","en"]|49|::1|Mozilla/5.0 (Linux; Android 5.0; SM-G900P Build/LRX21T) AppleWebKit/537.36 (KHTML, like Gecko) Chrome/77.0.3865.90 Mobile Safari/537.36
2019-09-24T19:33:41.874Z|155|null|sys_login|login|["system","manager","en"]|56|::1|Mozilla/5.0 (iPad; CPU OS 11_0 like Mac OS X) AppleWebKit/604.1.34 (KHTML, like Gecko) Version/11.0 Mobile/15A5341f Safari/604.1
2019-09-24T19:33:46.588Z|10|null|sys_login|login|["system","admin","en"]|63|::1|Mozilla/5.0 (iPad; CPU OS 11_0 like Mac OS X) AppleWebKit/604.1.34 (KHTML, like Gecko) Version/11.0 Mobile/15A5341f Safari/604.1
2019-09-24T19:33:50.006Z|16|null|sys_login|login|["system","thelord","en"]|70|::1|Mozilla/5.0 (iPad; CPU OS 11_0 like Mac OS X) AppleWebKit/604.1.34 (KHTML, like Gecko) Version/11.0 Mobile/15A5341f Safari/604.1
2019-09-24T19:33:54.986Z|9|null|sys_login|login|["system","Thelord007","en"]|77|::1|Mozilla/5.0 (iPad; CPU OS 11_0 like Mac OS X) AppleWebKit/604.1.34 (KHTML, like Gecko) Version/11.0 Mobile/15A5341f Safari/604.1
2019-09-24T19:34:00.384Z|9|null|sys_login|login|["system","SIBSadmin01","en"]|84|::1|Mozilla/5.0 (iPad; CPU OS 11_0 like Mac OS X) AppleWebKit/604.1.34 (KHTML, like Gecko) Version/11.0 Mobile/15A5341f Safari/604.1
2019-09-25T13:14:09.493Z|211|null|sys_login|login|["system","manager","en"]|7|::1|Mozilla/5.0 (Windows NT 10.0; Win64; x64) AppleWebKit/537.36 (KHTML, like Gecko) Chrome/77.0.3865.90 Safari/537.36
2019-09-25T13:14:12.781Z|116|null|sys_login|login|["system","thelord","en"]|14|::1|Mozilla/5.0 (Windows NT 10.0; Win64; x64) AppleWebKit/537.36 (KHTML, like Gecko) Chrome/77.0.3865.90 Safari/537.36
2019-09-25T13:14:13.051Z|155|BCD95928AACABB1F84807FD374EADDDA60CB2EE6A51340600C95824ED223BC348F11E9950A3D0BBF1A18F2218CF25B438FB0C9D4341758DC496E8D85C2AE0168|sys_login|login|["inewton","pelotas"]|29|::1|Mozilla/5.0 (Windows NT 10.0; Win64; x64) AppleWebKit/537.36 (KHTML, like Gecko) Chrome/77.0.3865.90 Safari/537.36
2019-09-25T13:17:38.890Z|6|BCD95928AACABB1F84807FD374EADDDA60CB2EE6A51340600C95824ED223BC348F11E9950A3D0BBF1A18F2218CF25B438FB0C9D4341758DC496E8D85C2AE0168|sys_login|start|{}|7|::1|Mozilla/5.0 (Windows NT 10.0; Win64; x64) AppleWebKit/537.36 (KHTML, like Gecko) Chrome/77.0.3865.90 Safari/537.36
2019-09-25T13:17:39.024Z|17|BCD95928AACABB1F84807FD374EADDDA60CB2EE6A51340600C95824ED223BC348F11E9950A3D0BBF1A18F2218CF25B438FB0C9D4341758DC496E8D85C2AE0168|sys_console|mods|{}|20|::1|Mozilla/5.0 (Windows NT 10.0; Win64; x64) AppleWebKit/537.36 (KHTML, like Gecko) Chrome/77.0.3865.90 Safari/537.36
2019-09-25T13:17:42.172Z|15|BCD95928AACABB1F84807FD374EADDDA60CB2EE6A51340600C95824ED223BC348F11E9950A3D0BBF1A18F2218CF25B438FB0C9D4341758DC496E8D85C2AE0168|sys_console|funs|"sys_admin"|27|::1|Mozilla/5.0 (Windows NT 10.0; Win64; x64) AppleWebKit/537.36 (KHTML, like Gecko) Chrome/77.0.3865.90 Safari/537.36
2019-09-25T13:17:42.197Z|3|BCD95928AACABB1F84807FD374EADDDA60CB2EE6A51340600C95824ED223BC348F11E9950A3D0BBF1A18F2218CF25B438FB0C9D4341758DC496E8D85C2AE0168|sys_console|coms|["sys_admin","get_server_log"]|30|::1|Mozilla/5.0 (Windows NT 10.0; Win64; x64) AppleWebKit/537.36 (KHTML, like Gecko) Chrome/77.0.3865.90 Safari/537.36
2019-09-25T13:17:43.924Z|28|BCD95928AACABB1F84807FD374EADDDA60CB2EE6A51340600C95824ED223BC348F11E9950A3D0BBF1A18F2218CF25B438FB0C9D4341758DC496E8D85C2AE0168|sys_admin|get_server_log|""|41|::1|Mozilla/5.0 (Windows NT 10.0; Win64; x64) AppleWebKit/537.36 (KHTML, like Gecko) Chrome/77.0.3865.90 Safari/537.36
2019-09-25T13:17:53.141Z|10|BCD95928AACABB1F84807FD374EADDDA60CB2EE6A51340600C95824ED223BC348F11E9950A3D0BBF1A18F2218CF25B438FB0C9D4341758DC496E8D85C2AE0168|sys_console|funs|"sys_code"|50|::1|Mozilla/5.0 (Windows NT 10.0; Win64; x64) AppleWebKit/537.36 (KHTML, like Gecko) Chrome/77.0.3865.90 Safari/537.36
2019-09-25T13:17:53.170Z|3|BCD95928AACABB1F84807FD374EADDDA60CB2EE6A51340600C95824ED223BC348F11E9950A3D0BBF1A18F2218CF25B438FB0C9D4341758DC496E8D85C2AE0168|sys_console|coms|["sys_code","modules_list"]|53|::1|Mozilla/5.0 (Windows NT 10.0; Win64; x64) AppleWebKit/537.36 (KHTML, like Gecko) Chrome/77.0.3865.90 Safari/537.36
2019-09-25T13:17:54.209Z|3|BCD95928AACABB1F84807FD374EADDDA60CB2EE6A51340600C95824ED223BC348F11E9950A3D0BBF1A18F2218CF25B438FB0C9D4341758DC496E8D85C2AE0168|sys_code|modules_list|""|64|::1|Mozilla/5.0 (Windows NT 10.0; Win64; x64) AppleWebKit/537.36 (KHTML, like Gecko) Chrome/77.0.3865.90 Safari/537.36
